|SourceProjectName:MH PE iPad Blue Sheet.hpr
|DestinationProjectName:MH_PE_iPad_Blue_Sheet.htm
whhost.js
whmsg.js
whmozemu.js
whproxy.js
whstub.js
whutils.js
whver.js
whform.js
whphost.js
whstart.js
whtopic.js
whframes.js
whlang.js
whskin_info.htm
whskin_blank.htm
whskin_pickup.htm
whskin_homepage.htm
whskin_tw.htm
whnjs.htm
whthost.js
whtdhtml.htm
whihost.js
whibody.htm
whiform.htm
whfhost.js
whfbody.htm
whfform.htm
whghost.js
whgbody.htm
whgdhtml.htm
whgdef.htm
whproj.js
whproj.xml
whproj.htm
whxdata\whtoc.xml
whxdata\whidx.xml
whxdata\whglo.xml
whdata\whtoc.js
whdata\whtoc.htm
whdata\whtdata.js
whdata\whidx.js
whdata\whidx.htm
whdata\whidata.js
whdata\whglo.js
whdata\whglo.htm
whdata\whgdata.js
resource\resource.xml
whbrs.xml
whres.xml
whgdata\whnvp30.htm
whgdata\whnvp31.htm
whgdata\whnvp32.htm
whgdata\whnvp33.htm
whgdata\whnvt30.htm
whgdata\whnvt31.htm
whgdata\whnvt32.htm
whgdata\whnvt33.htm
whgdata\whnvf30.htm
whgdata\whnvf31.htm
whgdata\whnvf32.htm
whgdata\whnvf33.htm
whgdata\whnvl31.htm
whgdata\whnvl32.htm
whgdata\whnvl33.htm
whgdata\whexpbar.gif
cshdat_webhelp.htm
whcsh_home.htm
whcshdata.htm
cshdat_robohelp.htm
wht_tab0.gif
wht_tab1.gif
wht_tab2.gif
wht_tab3.gif
wht_tab4.gif
wht_tab5.gif
wht_tab6.gif
wht_tab7.gif
wht_tab8.gif
wht_glo_h.gif
wht_glo_n.gif
wht_fts_h.gif
wht_fts_n.gif
wht_idx_h.gif
wht_idx_n.gif
wht_toc_h.gif
wht_toc_n.gif
wht_ws.gif
wht_ws_g.gif
wht_logo1.gif
wht_logo2.gif
wht_abgw.jpg
wht_abgi.jpg
wht_abge.jpg
wht_abtw.jpg
wht_abte.jpg
wht_abti.jpg
wht_spac.gif
wht_next.gif
wht_next_g.gif
wht_prev.gif
wht_prev_g.gif
wht_sync.gif
wht_hide.gif
wht_go.gif
whstart.ico
whestart.ico
whrstart.ico
whidhtml.htm
whfdhtml.htm
whskin_banner.htm
whtbar.js
whskin_pdhtml.htm
whskin_plist.htm
whskin_tbars.htm
whskin_mbars.htm
wht_toc4.gif
wht_toc1.gif
wht_toc2.gif
wht_toc3.gif
whskin_frmset010.htm
whst_topics.xml
whskin_frmset01.htm
MH_PE_iPad_Blue_Sheet_hha.hhk
MH_PE_iPad_Blue_Sheet.hhc
MH_PE_iPad_Blue_Sheet.hhk
Calendar___Date_Fields.htm
Contact_Search.htm
Crash_Recovery.htm
CRM_Preferences.htm
Delete_Record.htm
Download___Upload.htm
Features_&_Functions.htm
First_Topic.htm
Full_Screen_Dialogs.htm
Getting_Started.htm
Icons.htm
Launch_Bar_Controls.htm
New_Releases.htm
Pick_Lists.htm
Screen_Shots.htm
Search_&_Advanced_Search.htm
Section_Headers.htm
Sort_Table_Rows.htm
Start-up_Wizard.htm
Strength_&_Red_Flags.htm
RoboHHRE.lng
MH_PE_iPad_Blue_Sheet.glo
default.css
17_iPad_eLearning_Sample.png
08_iPad_Column_Header_Sort.png
03_iPad_Delete_Icon.png
06_iPad_Download_Opty_List.png
09_iPad_Blue_Sheet.png
MH_SAM_Banner_Logo.jpg
01_iPad_Opportunities_01_Search.png
14_iPad_Download_Red_Dot_on_logo_sm55.png
13_iPad_Date_Field_Calendar_Select_sm80.png
08_iPad_MH_Logo_to_Launch_Sheet.png
11_iPad_Buying_Influence_Contact_Search_Dialog_sm80.png
03_iPad_Download_Upload_Icon.png
15_iPad_Download_Record_out_of_date_dialog_sm65.png
08_iPad_Silver_Bar_Sheet_Controls.png
02_iPad_CRM_Preferences_Icon.png
12_iPad_Buying_Influence_Role_Pick_List_sm80.png
10_iPad_Strength_icon_example1.png
03_iPad_Download_Upload_Dialog.png
10_iPad_Strength_icon_example2.png
18_iPad_New_Releases_Config_Utility2_sm70.png
18_iPad_New_Releases_Config_Utility1_sm65.png
07_iPad_Upload_Dialog_Opty_List.png
02_iPad_CRM_Preferences_Dialog.png
01_iPad_Opportunities_Dashboard.png
10_iPad_Icons.png
04_iPad_Download_Dialog_Opty_List.png
16_iPad_Download_Record_update_status_bar_sm65.png
10_iPad_Strength_Red_Flag_icons.png
WS_Logo_Driven_By_2011.png
05_iPad_Download_Status_Msg.png
MH_PE_iPad_Blue_Sheet.ppf
ehlpdhtm.js
whxdata\package_0.xml
whxdata\package_1.xml
whxdata\package_2.xml
whxdata\packageindex.xml
whxdata\synonym.xml
whxdata\topictable_0.xml
whxdata\topictableindex.xml
whxdata\whfts.xml
whxdata\whtdata0.xml
whdata\whtdata0.htm
whgdata\whlstt0.htm
whgdata\whlstt1.htm
whgdata\whlstt2.htm
whgdata\whlsti0.htm
whgdata\whlstfl0.htm
whgdata\whlstfl1.htm
whgdata\whlstfl2.htm
whgdata\whlstfl3.htm
whgdata\whlstfl4.htm
whgdata\whlstfl5.htm
whgdata\whlstfl6.htm
whgdata\whlstfl7.htm
whgdata\whlstfl8.htm
whgdata\whlstfl9.htm
whgdata\whlstfl10.htm
whgdata\whlstfl11.htm
whgdata\whlstfl12.htm
whgdata\whlstfl13.htm
whgdata\whlstfl14.htm
whgdata\whlstfl15.htm
whgdata\whlstfl16.htm
whgdata\whlstfl17.htm
whgdata\whlstfl18.htm
whgdata\whlstfl19.htm
whgdata\whlstf0.htm
whgdata\whlstf1.htm
whgdata\whlstf2.htm
whgdata\whlstf3.htm
whgdata\whlstg0.htm
MH_PE_iPad_Blue_Sheet.htm
MH_PE_iPad_Blue_Sheet_csh.htm
MH_PE_iPad_Blue_Sheet_rhc.htm
